1578128627.848283 client started (22941): version 3.0a, socket /private/tmp/tmux-501/default, protocol 8
1578128627.848391 on Darwin 19.2.0 Darwin Kernel Version 19.2.0: Sat Nov  9 03:47:04 PST 2019; root:xnu-6153.61.1~20/RELEASE_X86_64; libevent 2.1.11-stable (select)
1578128627.848479 socket is /private/tmp/tmux-501/default
1578128627.848525 trying connect
1578128627.848697 add peer 0x107d93000: 7 (0x0)
1578128627.851464 sending message 100 to peer 0x107d93000 (4 bytes)
1578128627.851539 sending message 101 to peer 0x107d93000 (15 bytes)
1578128627.851566 sending message 102 to peer 0x107d93000 (13 bytes)
1578128627.851588 sending message 108 to peer 0x107d93000 (37 bytes)
1578128627.851628 sending message 104 to peer 0x107d93000 (0 bytes)
1578128627.851649 sending message 107 to peer 0x107d93000 (4 bytes)
1578128627.851668 sending message 105 to peer 0x107d93000 (60 bytes)
1578128627.851685 sending message 105 to peer 0x107d93000 (66 bytes)
1578128627.851711 sending message 105 to peer 0x107d93000 (26 bytes)
1578128627.851730 sending message 105 to peer 0x107d93000 (15 bytes)
1578128627.851749 sending message 105 to peer 0x107d93000 (22 bytes)
1578128627.851767 sending message 105 to peer 0x107d93000 (14 bytes)
1578128627.851786 sending message 105 to peer 0x107d93000 (17 bytes)
1578128627.851805 sending message 105 to peer 0x107d93000 (41 bytes)
1578128627.852136 sending message 105 to peer 0x107d93000 (15 bytes)
1578128627.852178 sending message 105 to peer 0x107d93000 (27 bytes)
1578128627.852311 sending message 105 to peer 0x107d93000 (23 bytes)
1578128627.852346 sending message 105 to peer 0x107d93000 (611 bytes)
1578128627.852370 sending message 105 to peer 0x107d93000 (75 bytes)
1578128627.852394 sending message 105 to peer 0x107d93000 (19 bytes)
1578128627.852440 sending message 105 to peer 0x107d93000 (20 bytes)
1578128627.852465 sending message 105 to peer 0x107d93000 (20 bytes)
1578128627.852486 sending message 105 to peer 0x107d93000 (27 bytes)
1578128627.852506 sending message 105 to peer 0x107d93000 (57 bytes)
1578128627.852524 sending message 105 to peer 0x107d93000 (20 bytes)
1578128627.852544 sending message 105 to peer 0x107d93000 (19 bytes)
1578128627.852563 sending message 105 to peer 0x107d93000 (23 bytes)
1578128627.852583 sending message 105 to peer 0x107d93000 (61 bytes)
1578128627.852602 sending message 105 to peer 0x107d93000 (32 bytes)
1578128627.852621 sending message 105 to peer 0x107d93000 (8 bytes)
1578128627.852639 sending message 105 to peer 0x107d93000 (39 bytes)
1578128627.852658 sending message 105 to peer 0x107d93000 (75 bytes)
1578128627.852677 sending message 105 to peer 0x107d93000 (55 bytes)
1578128627.852695 sending message 105 to peer 0x107d93000 (37 bytes)
1578128627.852713 sending message 105 to peer 0x107d93000 (11 bytes)
1578128627.852733 sending message 105 to peer 0x107d93000 (8 bytes)
1578128627.852752 sending message 105 to peer 0x107d93000 (32 bytes)
1578128627.852771 sending message 105 to peer 0x107d93000 (30 bytes)
1578128627.852791 sending message 105 to peer 0x107d93000 (85 bytes)
1578128627.852810 sending message 105 to peer 0x107d93000 (21 bytes)
1578128627.852829 sending message 105 to peer 0x107d93000 (33 bytes)
1578128627.852849 sending message 105 to peer 0x107d93000 (36 bytes)
1578128627.852868 sending message 105 to peer 0x107d93000 (44 bytes)
1578128627.852888 sending message 105 to peer 0x107d93000 (28 bytes)
1578128627.852908 sending message 105 to peer 0x107d93000 (52 bytes)
1578128627.852928 sending message 105 to peer 0x107d93000 (102 bytes)
1578128627.852948 sending message 105 to peer 0x107d93000 (58 bytes)
1578128627.852967 sending message 105 to peer 0x107d93000 (58 bytes)
1578128627.852987 sending message 105 to peer 0x107d93000 (24 bytes)
1578128627.853006 sending message 105 to peer 0x107d93000 (11 bytes)
1578128627.853025 sending message 105 to peer 0x107d93000 (20 bytes)
1578128627.853045 sending message 105 to peer 0x107d93000 (14 bytes)
1578128627.853065 sending message 105 to peer 0x107d93000 (15 bytes)
1578128627.853084 sending message 105 to peer 0x107d93000 (27 bytes)
1578128627.853150 sending message 105 to peer 0x107d93000 (18 bytes)
1578128627.853165 sending message 105 to peer 0x107d93000 (14 bytes)
1578128627.853179 sending message 105 to peer 0x107d93000 (18 bytes)
1578128627.853192 sending message 105 to peer 0x107d93000 (20 bytes)
1578128627.853205 sending message 105 to peer 0x107d93000 (23 bytes)
1578128627.853218 sending message 105 to peer 0x107d93000 (11 bytes)
1578128627.853231 sending message 105 to peer 0x107d93000 (16 bytes)
1578128627.853244 sending message 105 to peer 0x107d93000 (15 bytes)
1578128627.853257 sending message 105 to peer 0x107d93000 (15 bytes)
1578128627.853270 sending message 105 to peer 0x107d93000 (15 bytes)
1578128627.853284 sending message 105 to peer 0x107d93000 (23 bytes)
1578128627.853297 sending message 105 to peer 0x107d93000 (15 bytes)
1578128627.853308 sending message 105 to peer 0x107d93000 (17 bytes)
1578128627.853321 sending message 105 to peer 0x107d93000 (9 bytes)
1578128627.853333 sending message 105 to peer 0x107d93000 (17 bytes)
1578128627.853344 sending message 105 to peer 0x107d93000 (14 bytes)
1578128627.853357 sending message 105 to peer 0x107d93000 (10 bytes)
1578128627.853370 sending message 105 to peer 0x107d93000 (22 bytes)
1578128627.853384 sending message 106 to peer 0x107d93000 (0 bytes)
1578128627.853406 sending message 200 to peer 0x107d93000 (4 bytes)
1578128627.853421 client loop enter
1578128627.859629 peer 0x107d93000 message 207
1578128627.859695 sending message 208 to peer 0x107d93000 (0 bytes)
1578128635.208852 peer 0x107d93000 message 203
1578128635.208882 sending message 205 to peer 0x107d93000 (0 bytes)
1578128635.209213 peer 0x107d93000 message 204
1578128635.209240 client loop exit
